2014-05-13 16:38:06.888 Kontoladdning[499:70b] Multi-tasking -> Device: YES, App: YES
2014-05-13 16:38:06.936 Kontoladdning[499:70b] Unlimited access to network resources
2014-05-13 16:38:07.245 Kontoladdning[499:70b] CDVPlugin class CDVStatusBar (pluginName: statusbar) does not exist.
2014-05-13 16:38:07.246 Kontoladdning[499:70b] [CDVTimer][statusbar] 0.560999ms
2014-05-13 16:38:07.246 Kontoladdning[499:70b] [CDVTimer][TotalPluginStartup] 1.088977ms
2014-05-13 16:38:07.578 Kontoladdning[499:70b] Resetting plugins due to page load.
2014-05-13 16:38:08.707 Kontoladdning[499:70b] Finished load of: file:///Users/jaco/Library/Application%20Support/iPhone%20Simulator/7.1/Applications/9E9490FF-F68E-43C4-9258-116018ED6354/Kontoladdning.app/www/index.html#/login
objc[499]: Class AXEmojiUtilities is implemented in both /Applications/Xcode.app/Contents/Developer/Platforms/iPhoneSimulator.platform/Developer/SDKs/iPhoneSimulator7.1.sdk/System/Library/PrivateFrameworks/AccessibilityUtilities.framework/AccessibilityUtilities and /Applications/Xcode.app/Contents/Developer/Platforms/iPhoneSimulator.platform/Developer/SDKs/iPhoneSimulator7.1.sdk/usr/lib/libAXSpeechManager.dylib. One of the two will be used. Which one is undefined.
2014-05-13 16:47:51.085 Kontoladdning[499:70b] Cannot find executable for CFBundle 0xa37d960 </Applications/Xcode.app/Contents/Developer/Platforms/iPhoneSimulator.platform/Developer/SDKs/iPhoneSimulator7.1.sdk/System/Library/AccessibilityBundles/CertUIFramework.axbundle> (not loaded)
2014-05-13 16:47:51.651 Kontoladdning[499:70b] Cannot find executable for CFBundle 0xa5c2f30 </Applications/Xcode.app/Contents/Developer/Platforms/iPhoneSimulator.platform/Developer/SDKs/iPhoneSimulator7.1.sdk/System/Library/AccessibilityBundles/MusicLibrary.axbundle> (not loaded)
2014-05-13 16:47:51.730 Kontoladdning[499:70b] Cannot find executable for CFBundle 0xa2b89c0 </Applications/Xcode.app/Contents/Developer/Platforms/iPhoneSimulator.platform/Developer/SDKs/iPhoneSimulator7.1.sdk/System/Library/AccessibilityBundles/GeoServices.axbundle> (not loaded)
objc[7768]: Class AXEmojiUtilities is implemented in both /Applications/Xcode.app/Contents/Developer/Platforms/iPhoneSimulator.platform/Developer/SDKs/iPhoneSimulator7.1.sdk/System/Library/PrivateFrameworks/AccessibilityUtilities.framework/AccessibilityUtilities and /Applications/Xcode.app/Contents/Developer/Platforms/iPhoneSimulator.platform/Developer/SDKs/iPhoneSimulator7.1.sdk/usr/lib/libAXSpeechManager.dylib. One of the two will be used. Which one is undefined.
2014-05-14 06:27:22.241 Kontoladdning[7768:70b] Cannot find executable for CFBundle 0xa46ead0 </Applications/Xcode.app/Contents/Developer/Platforms/iPhoneSimulator.platform/Developer/SDKs/iPhoneSimulator7.1.sdk/System/Library/AccessibilityBundles/GeoServices.axbundle> (not loaded)
2014-05-14 06:27:22.248 Kontoladdning[7768:70b] Cannot find executable for CFBundle 0xa47b200 </Applications/Xcode.app/Contents/Developer/Platforms/iPhoneSimulator.platform/Developer/SDKs/iPhoneSimulator7.1.sdk/System/Library/AccessibilityBundles/CertUIFramework.axbundle> (not loaded)
2014-05-14 06:27:22.346 Kontoladdning[7768:70b] Multi-tasking -> Device: YES, App: YES
2014-05-14 06:27:22.430 Kontoladdning[7768:70b] Unlimited access to network resources
2014-05-14 06:27:22.649 Kontoladdning[7768:70b] CDVPlugin class CDVStatusBar (pluginName: statusbar) does not exist.
2014-05-14 06:27:22.649 Kontoladdning[7768:70b] [CDVTimer][statusbar] 0.638008ms
2014-05-14 06:27:22.650 Kontoladdning[7768:70b] [CDVTimer][TotalPluginStartup] 1.239002ms
2014-05-14 06:27:22.994 Kontoladdning[7768:70b] Resetting plugins due to page load.
2014-05-14 06:27:24.101 Kontoladdning[7768:70b] Finished load of: file:///Users/jaco/Library/Application%20Support/iPhone%20Simulator/7.1/Applications/9E9490FF-F68E-43C4-9258-116018ED6354/Kontoladdning.app/www/index.html#/cards
objc[18241]: Class AXEmojiUtilities is implemented in both /Applications/Xcode.app/Contents/Developer/Platforms/iPhoneSimulator.platform/Developer/SDKs/iPhoneSimulator7.1.sdk/System/Library/PrivateFrameworks/AccessibilityUtilities.framework/AccessibilityUtilities and /Applications/Xcode.app/Contents/Developer/Platforms/iPhoneSimulator.platform/Developer/SDKs/iPhoneSimulator7.1.sdk/usr/lib/libAXSpeechManager.dylib. One of the two will be used. Which one is undefined.
2014-05-14 21:41:23.719 Kontoladdning[18241:70b] Cannot find executable for CFBundle 0xa432540 </Applications/Xcode.app/Contents/Developer/Platforms/iPhoneSimulator.platform/Developer/SDKs/iPhoneSimulator7.1.sdk/System/Library/AccessibilityBundles/GeoServices.axbundle> (not loaded)
2014-05-14 21:41:23.730 Kontoladdning[18241:70b] Cannot find executable for CFBundle 0xa2555c0 </Applications/Xcode.app/Contents/Developer/Platforms/iPhoneSimulator.platform/Developer/SDKs/iPhoneSimulator7.1.sdk/System/Library/AccessibilityBundles/CertUIFramework.axbundle> (not loaded)
2014-05-14 21:41:23.964 Kontoladdning[18241:70b] Multi-tasking -> Device: YES, App: YES
2014-05-14 21:41:24.017 Kontoladdning[18241:70b] Unlimited access to network resources
2014-05-14 21:41:24.465 Kontoladdning[18241:70b] CDVPlugin class CDVStatusBar (pluginName: statusbar) does not exist.
2014-05-14 21:41:24.466 Kontoladdning[18241:70b] [CDVTimer][statusbar] 0.542998ms
2014-05-14 21:41:24.466 Kontoladdning[18241:70b] [CDVTimer][TotalPluginStartup] 1.101017ms
2014-05-14 21:41:24.785 Kontoladdning[18241:70b] Resetting plugins due to page load.
2014-05-14 21:41:25.569 Kontoladdning[18241:70b] Finished load of: file:///Users/jaco/Library/Application%20Support/iPhone%20Simulator/7.1/Applications/9E9490FF-F68E-43C4-9258-116018ED6354/Kontoladdning.app/www/index.html#/cards
2014-05-14 21:42:03.707 Kontoladdning[18241:70b] CDVWebViewDelegate: Navigation started when state=1
2014-05-14 21:42:03.708 Kontoladdning[18241:70b] Failed to load webpage with error: CDVWebViewDelegate: Navigation started when state=1
2014-05-14 21:42:03.716 Kontoladdning[18241:70b] Resetting plugins due to page load.
2014-05-14 21:42:06.605 Kontoladdning[18241:70b] Finished load of: http://www.vasttrafik.se/
objc[18620]: Class AXEmojiUtilities is implemented in both /Applications/Xcode.app/Contents/Developer/Platforms/iPhoneSimulator.platform/Developer/SDKs/iPhoneSimulator7.1.sdk/System/Library/PrivateFrameworks/AccessibilityUtilities.framework/AccessibilityUtilities and /Applications/Xcode.app/Contents/Developer/Platforms/iPhoneSimulator.platform/Developer/SDKs/iPhoneSimulator7.1.sdk/usr/lib/libAXSpeechManager.dylib. One of the two will be used. Which one is undefined.
2014-05-14 21:44:18.228 Kontoladdning[18620:70b] Cannot find executable for CFBundle 0xa246580 </Applications/Xcode.app/Contents/Developer/Platforms/iPhoneSimulator.platform/Developer/SDKs/iPhoneSimulator7.1.sdk/System/Library/AccessibilityBundles/GeoServices.axbundle> (not loaded)
2014-05-14 21:44:18.238 Kontoladdning[18620:70b] Cannot find executable for CFBundle 0xa4a4c80 </Applications/Xcode.app/Contents/Developer/Platforms/iPhoneSimulator.platform/Developer/SDKs/iPhoneSimulator7.1.sdk/System/Library/AccessibilityBundles/CertUIFramework.axbundle> (not loaded)
2014-05-14 21:44:18.375 Kontoladdning[18620:70b] Multi-tasking -> Device: YES, App: YES
2014-05-14 21:44:18.422 Kontoladdning[18620:70b] Unlimited access to network resources
2014-05-14 21:44:18.975 Kontoladdning[18620:70b] CDVPlugin class CDVStatusBar (pluginName: statusbar) does not exist.
2014-05-14 21:44:18.976 Kontoladdning[18620:70b] [CDVTimer][statusbar] 0.701010ms
2014-05-14 21:44:18.976 Kontoladdning[18620:70b] [CDVTimer][TotalPluginStartup] 1.317978ms
2014-05-14 21:44:19.356 Kontoladdning[18620:70b] Resetting plugins due to page load.
2014-05-14 21:44:20.033 Kontoladdning[18620:70b] Finished load of: file:///Users/jaco/Library/Application%20Support/iPhone%20Simulator/7.1/Applications/9E9490FF-F68E-43C4-9258-116018ED6354/Kontoladdning.app/www/index.html#/login
2014-05-14 21:45:15.241 Kontoladdning[18620:70b] CDVWebViewDelegate: Navigation started when state=1
2014-05-14 21:45:15.259 Kontoladdning[18620:70b] Failed to load webpage with error: CDVWebViewDelegate: Navigation started when state=1
2014-05-14 21:45:15.262 Kontoladdning[18620:70b] Resetting plugins due to page load.
2014-05-14 21:45:18.269 Kontoladdning[18620:70b] Finished load of: http://www.vasttrafik.se/
objc[21272]: Class AXEmojiUtilities is implemented in both /Applications/Xcode.app/Contents/Developer/Platforms/iPhoneSimulator.platform/Developer/SDKs/iPhoneSimulator7.1.sdk/System/Library/PrivateFrameworks/AccessibilityUtilities.framework/AccessibilityUtilities and /Applications/Xcode.app/Contents/Developer/Platforms/iPhoneSimulator.platform/Developer/SDKs/iPhoneSimulator7.1.sdk/usr/lib/libAXSpeechManager.dylib. One of the two will be used. Which one is undefined.
2014-05-14 21:48:52.762 Kontoladdning[21272:70b] Cannot find executable for CFBundle 0xa474de0 </Applications/Xcode.app/Contents/Developer/Platforms/iPhoneSimulator.platform/Developer/SDKs/iPhoneSimulator7.1.sdk/System/Library/AccessibilityBundles/CertUIFramework.axbundle> (not loaded)
2014-05-14 21:48:52.791 Kontoladdning[21272:70b] Cannot find executable for CFBundle 0xa5a8220 </Applications/Xcode.app/Contents/Developer/Platforms/iPhoneSimulator.platform/Developer/SDKs/iPhoneSimulator7.1.sdk/System/Library/AccessibilityBundles/GeoServices.axbundle> (not loaded)
2014-05-14 21:48:52.973 Kontoladdning[21272:70b] Multi-tasking -> Device: YES, App: YES
2014-05-14 21:48:53.032 Kontoladdning[21272:70b] Unlimited access to network resources
2014-05-14 21:48:53.481 Kontoladdning[21272:70b] CDVPlugin class CDVStatusBar (pluginName: statusbar) does not exist.
2014-05-14 21:48:53.481 Kontoladdning[21272:70b] [CDVTimer][statusbar] 0.548959ms
2014-05-14 21:48:53.482 Kontoladdning[21272:70b] [CDVTimer][TotalPluginStartup] 1.088977ms
2014-05-14 21:48:53.824 Kontoladdning[21272:70b] Resetting plugins due to page load.
2014-05-14 21:48:54.310 Kontoladdning[21272:70b] Finished load of: file:///Users/jaco/Library/Application%20Support/iPhone%20Simulator/7.1/Applications/9E9490FF-F68E-43C4-9258-116018ED6354/Kontoladdning.app/www/index.html#/login
2014-05-14 21:49:16.991 Kontoladdning[21272:70b] CDVWebViewDelegate: Navigation started when state=1
2014-05-14 21:49:16.992 Kontoladdning[21272:70b] Failed to load webpage with error: CDVWebViewDelegate: Navigation started when state=1
2014-05-14 21:49:16.992 Kontoladdning[21272:70b] Resetting plugins due to page load.
2014-05-14 21:49:17.510 Kontoladdning[21272:70b] THREAD WARNING: ['InAppBrowser'] took '507.725830' ms. Plugin should use a background thread.
objc[21571]: Class AXEmojiUtilities is implemented in both /Applications/Xcode.app/Contents/Developer/Platforms/iPhoneSimulator.platform/Developer/SDKs/iPhoneSimulator7.1.sdk/System/Library/PrivateFrameworks/AccessibilityUtilities.framework/AccessibilityUtilities and /Applications/Xcode.app/Contents/Developer/Platforms/iPhoneSimulator.platform/Developer/SDKs/iPhoneSimulator7.1.sdk/usr/lib/libAXSpeechManager.dylib. One of the two will be used. Which one is undefined.
2014-05-14 21:54:25.600 Kontoladdning[21571:70b] Cannot find executable for CFBundle 0xa38ff30 </Applications/Xcode.app/Contents/Developer/Platforms/iPhoneSimulator.platform/Developer/SDKs/iPhoneSimulator7.1.sdk/System/Library/AccessibilityBundles/GeoServices.axbundle> (not loaded)
2014-05-14 21:54:25.636 Kontoladdning[21571:70b] Cannot find executable for CFBundle 0xa3b70c0 </Applications/Xcode.app/Contents/Developer/Platforms/iPhoneSimulator.platform/Developer/SDKs/iPhoneSimulator7.1.sdk/System/Library/AccessibilityBundles/CertUIFramework.axbundle> (not loaded)
2014-05-14 21:54:25.849 Kontoladdning[21571:70b] Multi-tasking -> Device: YES, App: YES
2014-05-14 21:54:25.898 Kontoladdning[21571:70b] Unlimited access to network resources
2014-05-14 21:54:26.249 Kontoladdning[21571:70b] CDVPlugin class CDVStatusBar (pluginName: statusbar) does not exist.
2014-05-14 21:54:26.249 Kontoladdning[21571:70b] [CDVTimer][statusbar] 0.681043ms
2014-05-14 21:54:26.250 Kontoladdning[21571:70b] [CDVTimer][TotalPluginStartup] 1.385033ms
2014-05-14 21:54:26.888 Kontoladdning[21571:70b] Resetting plugins due to page load.
2014-05-14 21:54:27.469 Kontoladdning[21571:70b] Finished load of: file:///Users/jaco/Library/Application%20Support/iPhone%20Simulator/7.1/Applications/9E9490FF-F68E-43C4-9258-116018ED6354/Kontoladdning.app/www/index.html#/login
2014-05-14 21:57:10.031 Kontoladdning[21571:70b] CDVWebViewDelegate: Navigation started when state=1
2014-05-14 21:57:10.032 Kontoladdning[21571:70b] Failed to load webpage with error: CDVWebViewDelegate: Navigation started when state=1
2014-05-14 21:57:10.034 Kontoladdning[21571:70b] Resetting plugins due to page load.
2014-05-14 21:57:10.180 Kontoladdning[21571:70b] THREAD WARNING: ['InAppBrowser'] took '130.468750' ms. Plugin should use a background thread.
2014-05-14 21:57:11.641 Kontoladdning[21571:70b] Finished load of: http://www.vasttrafik.se/
objc[21975]: Class AXEmojiUtilities is implemented in both /Applications/Xcode.app/Contents/Developer/Platforms/iPhoneSimulator.platform/Developer/SDKs/iPhoneSimulator7.1.sdk/System/Library/PrivateFrameworks/AccessibilityUtilities.framework/AccessibilityUtilities and /Applications/Xcode.app/Contents/Developer/Platforms/iPhoneSimulator.platform/Developer/SDKs/iPhoneSimulator7.1.sdk/usr/lib/libAXSpeechManager.dylib. One of the two will be used. Which one is undefined.
2014-05-14 22:01:22.254 Kontoladdning[21975:70b] Cannot find executable for CFBundle 0xa55ec30 </Applications/Xcode.app/Contents/Developer/Platforms/iPhoneSimulator.platform/Developer/SDKs/iPhoneSimulator7.1.sdk/System/Library/AccessibilityBundles/GeoServices.axbundle> (not loaded)
2014-05-14 22:01:22.280 Kontoladdning[21975:70b] Cannot find executable for CFBundle 0xa2a21a0 </Applications/Xcode.app/Contents/Developer/Platforms/iPhoneSimulator.platform/Developer/SDKs/iPhoneSimulator7.1.sdk/System/Library/AccessibilityBundles/CertUIFramework.axbundle> (not loaded)
2014-05-14 22:01:22.403 Kontoladdning[21975:70b] Multi-tasking -> Device: YES, App: YES
2014-05-14 22:01:22.449 Kontoladdning[21975:70b] Unlimited access to network resources
2014-05-14 22:01:22.735 Kontoladdning[21975:70b] CDVPlugin class CDVStatusBar (pluginName: statusbar) does not exist.
2014-05-14 22:01:22.735 Kontoladdning[21975:70b] [CDVTimer][statusbar] 0.559986ms
2014-05-14 22:01:22.736 Kontoladdning[21975:70b] [CDVTimer][TotalPluginStartup] 1.109958ms
2014-05-14 22:01:23.050 Kontoladdning[21975:70b] Resetting plugins due to page load.
2014-05-14 22:01:23.482 Kontoladdning[21975:70b] Finished load of: file:///Users/jaco/Library/Application%20Support/iPhone%20Simulator/7.1/Applications/9E9490FF-F68E-43C4-9258-116018ED6354/Kontoladdning.app/www/index.html#/login
2014-05-14 22:02:54.923 Kontoladdning[21975:70b] e [object MouseEvent] [object Arguments]
2014-05-14 22:02:55.076 Kontoladdning[21975:70b] THREAD WARNING: ['InAppBrowser'] took '151.218018' ms. Plugin should use a background thread.
2014-05-14 22:02:56.584 Kontoladdning[21975:170b] ERROR: unable to get the receiver data from the DB!
2014-05-14 22:02:56.586 Kontoladdning[21975:170b] ERROR: unable to get the receiver data from the DB!
2014-05-14 22:02:56.587 Kontoladdning[21975:170b] ERROR: unable to get the receiver data from the DB!
objc[22268]: Class AXEmojiUtilities is implemented in both /Applications/Xcode.app/Contents/Developer/Platforms/iPhoneSimulator.platform/Developer/SDKs/iPhoneSimulator7.1.sdk/System/Library/PrivateFrameworks/AccessibilityUtilities.framework/AccessibilityUtilities and /Applications/Xcode.app/Contents/Developer/Platforms/iPhoneSimulator.platform/Developer/SDKs/iPhoneSimulator7.1.sdk/usr/lib/libAXSpeechManager.dylib. One of the two will be used. Which one is undefined.
2014-05-14 22:05:39.820 Kontoladdning[22268:70b] Cannot find executable for CFBundle 0xa44eaf0 </Applications/Xcode.app/Contents/Developer/Platforms/iPhoneSimulator.platform/Developer/SDKs/iPhoneSimulator7.1.sdk/System/Library/AccessibilityBundles/CertUIFramework.axbundle> (not loaded)
2014-05-14 22:05:39.842 Kontoladdning[22268:70b] Cannot find executable for CFBundle 0xa471240 </Applications/Xcode.app/Contents/Developer/Platforms/iPhoneSimulator.platform/Developer/SDKs/iPhoneSimulator7.1.sdk/System/Library/AccessibilityBundles/GeoServices.axbundle> (not loaded)
2014-05-14 22:05:40.001 Kontoladdning[22268:70b] Multi-tasking -> Device: YES, App: YES
2014-05-14 22:05:40.037 Kontoladdning[22268:70b] Unlimited access to network resources
2014-05-14 22:05:40.284 Kontoladdning[22268:70b] CDVPlugin class CDVStatusBar (pluginName: statusbar) does not exist.
2014-05-14 22:05:40.284 Kontoladdning[22268:70b] [CDVTimer][statusbar] 0.728011ms
2014-05-14 22:05:40.285 Kontoladdning[22268:70b] [CDVTimer][TotalPluginStartup] 1.516044ms
2014-05-14 22:05:40.707 Kontoladdning[22268:70b] Resetting plugins due to page load.
2014-05-14 22:05:41.131 Kontoladdning[22268:70b] Finished load of: file:///Users/jaco/Library/Application%20Support/iPhone%20Simulator/7.1/Applications/9E9490FF-F68E-43C4-9258-116018ED6354/Kontoladdning.app/www/index.html#/login
2014-05-14 22:05:49.995 Kontoladdning[22268:70b] THREAD WARNING: ['InAppBrowser'] took '94.670166' ms. Plugin should use a background thread.
objc[22454]: Class AXEmojiUtilities is implemented in both /Applications/Xcode.app/Contents/Developer/Platforms/iPhoneSimulator.platform/Developer/SDKs/iPhoneSimulator7.1.sdk/System/Library/PrivateFrameworks/AccessibilityUtilities.framework/AccessibilityUtilities and /Applications/Xcode.app/Contents/Developer/Platforms/iPhoneSimulator.platform/Developer/SDKs/iPhoneSimulator7.1.sdk/usr/lib/libAXSpeechManager.dylib. One of the two will be used. Which one is undefined.
2014-05-14 22:06:23.825 Kontoladdning[22454:70b] Cannot find executable for CFBundle 0xa47f800 </Applications/Xcode.app/Contents/Developer/Platforms/iPhoneSimulator.platform/Developer/SDKs/iPhoneSimulator7.1.sdk/System/Library/AccessibilityBundles/GeoServices.axbundle> (not loaded)
2014-05-14 22:06:23.845 Kontoladdning[22454:70b] Cannot find executable for CFBundle 0xa28ab40 </Applications/Xcode.app/Contents/Developer/Platforms/iPhoneSimulator.platform/Developer/SDKs/iPhoneSimulator7.1.sdk/System/Library/AccessibilityBundles/CertUIFramework.axbundle> (not loaded)
2014-05-14 22:06:24.010 Kontoladdning[22454:70b] Multi-tasking -> Device: YES, App: YES
2014-05-14 22:06:24.059 Kontoladdning[22454:70b] Unlimited access to network resources
2014-05-14 22:06:24.214 Kontoladdning[22454:70b] CDVPlugin class CDVStatusBar (pluginName: statusbar) does not exist.
2014-05-14 22:06:24.215 Kontoladdning[22454:70b] [CDVTimer][statusbar] 0.760972ms
2014-05-14 22:06:24.215 Kontoladdning[22454:70b] [CDVTimer][TotalPluginStartup] 1.366019ms
2014-05-14 22:06:24.605 Kontoladdning[22454:70b] Resetting plugins due to page load.
2014-05-14 22:06:25.137 Kontoladdning[22454:70b] Finished load of: file:///Users/jaco/Library/Application%20Support/iPhone%20Simulator/7.1/Applications/9E9490FF-F68E-43C4-9258-116018ED6354/Kontoladdning.app/www/index.html#/login
objc[22867]: Class AXEmojiUtilities is implemented in both /Applications/Xcode.app/Contents/Developer/Platforms/iPhoneSimulator.platform/Developer/SDKs/iPhoneSimulator7.1.sdk/System/Library/PrivateFrameworks/AccessibilityUtilities.framework/AccessibilityUtilities and /Applications/Xcode.app/Contents/Developer/Platforms/iPhoneSimulator.platform/Developer/SDKs/iPhoneSimulator7.1.sdk/usr/lib/libAXSpeechManager.dylib. One of the two will be used. Which one is undefined.
2014-05-14 22:09:11.257 Kontoladdning[22867:70b] Cannot find executable for CFBundle 0xa575ad0 </Applications/Xcode.app/Contents/Developer/Platforms/iPhoneSimulator.platform/Developer/SDKs/iPhoneSimulator7.1.sdk/System/Library/AccessibilityBundles/CertUIFramework.axbundle> (not loaded)
2014-05-14 22:09:11.274 Kontoladdning[22867:70b] Cannot find executable for CFBundle 0xa37b560 </Applications/Xcode.app/Contents/Developer/Platforms/iPhoneSimulator.platform/Developer/SDKs/iPhoneSimulator7.1.sdk/System/Library/AccessibilityBundles/GeoServices.axbundle> (not loaded)
2014-05-14 22:09:11.378 Kontoladdning[22867:70b] Multi-tasking -> Device: YES, App: YES
2014-05-14 22:09:11.424 Kontoladdning[22867:70b] Unlimited access to network resources
2014-05-14 22:09:11.588 Kontoladdning[22867:70b] CDVPlugin class CDVStatusBar (pluginName: statusbar) does not exist.
2014-05-14 22:09:11.589 Kontoladdning[22867:70b] [CDVTimer][statusbar] 1.048028ms
2014-05-14 22:09:11.589 Kontoladdning[22867:70b] [CDVTimer][TotalPluginStartup] 1.532018ms
2014-05-14 22:09:11.835 Kontoladdning[22867:70b] Resetting plugins due to page load.
2014-05-14 22:09:12.308 Kontoladdning[22867:70b] Finished load of: file:///Users/jaco/Library/Application%20Support/iPhone%20Simulator/7.1/Applications/9E9490FF-F68E-43C4-9258-116018ED6354/Kontoladdning.app/www/index.html#/login
objc[23468]: Class AXEmojiUtilities is implemented in both /Applications/Xcode.app/Contents/Developer/Platforms/iPhoneSimulator.platform/Developer/SDKs/iPhoneSimulator7.1.sdk/System/Library/PrivateFrameworks/AccessibilityUtilities.framework/AccessibilityUtilities and /Applications/Xcode.app/Contents/Developer/Platforms/iPhoneSimulator.platform/Developer/SDKs/iPhoneSimulator7.1.sdk/usr/lib/libAXSpeechManager.dylib. One of the two will be used. Which one is undefined.
2014-05-14 22:13:34.591 Kontoladdning[23468:70b] Cannot find executable for CFBundle 0xa3714f0 </Applications/Xcode.app/Contents/Developer/Platforms/iPhoneSimulator.platform/Developer/SDKs/iPhoneSimulator7.1.sdk/System/Library/AccessibilityBundles/GeoServices.axbundle> (not loaded)
2014-05-14 22:13:34.610 Kontoladdning[23468:70b] Cannot find executable for CFBundle 0xa36a4a0 </Applications/Xcode.app/Contents/Developer/Platforms/iPhoneSimulator.platform/Developer/SDKs/iPhoneSimulator7.1.sdk/System/Library/AccessibilityBundles/CertUIFramework.axbundle> (not loaded)
2014-05-14 22:13:34.735 Kontoladdning[23468:70b] Multi-tasking -> Device: YES, App: YES
2014-05-14 22:13:34.785 Kontoladdning[23468:70b] Unlimited access to network resources
2014-05-14 22:13:34.965 Kontoladdning[23468:70b] CDVPlugin class CDVStatusBar (pluginName: statusbar) does not exist.
2014-05-14 22:13:34.966 Kontoladdning[23468:70b] [CDVTimer][statusbar] 0.644982ms
2014-05-14 22:13:34.967 Kontoladdning[23468:70b] [CDVTimer][TotalPluginStartup] 1.190960ms
2014-05-14 22:13:35.308 Kontoladdning[23468:70b] Resetting plugins due to page load.
2014-05-14 22:13:35.753 Kontoladdning[23468:70b] Finished load of: file:///Users/jaco/Library/Application%20Support/iPhone%20Simulator/7.1/Applications/9E9490FF-F68E-43C4-9258-116018ED6354/Kontoladdning.app/www/index.html#/login
2014-05-14 22:14:22.342 Kontoladdning[23468:70b] THREAD WARNING: ['InAppBrowser'] took '125.979736' ms. Plugin should use a background thread.
objc[23661]: Class AXEmojiUtilities is implemented in both /Applications/Xcode.app/Contents/Developer/Platforms/iPhoneSimulator.platform/Developer/SDKs/iPhoneSimulator7.1.sdk/System/Library/PrivateFrameworks/AccessibilityUtilities.framework/AccessibilityUtilities and /Applications/Xcode.app/Contents/Developer/Platforms/iPhoneSimulator.platform/Developer/SDKs/iPhoneSimulator7.1.sdk/usr/lib/libAXSpeechManager.dylib. One of the two will be used. Which one is undefined.
2014-05-14 22:14:31.221 Kontoladdning[23661:70b] Cannot find executable for CFBundle 0xa29bef0 </Applications/Xcode.app/Contents/Developer/Platforms/iPhoneSimulator.platform/Developer/SDKs/iPhoneSimulator7.1.sdk/System/Library/AccessibilityBundles/GeoServices.axbundle> (not loaded)
2014-05-14 22:14:31.228 Kontoladdning[23661:70b] Cannot find executable for CFBundle 0xa4a5cd0 </Applications/Xcode.app/Contents/Developer/Platforms/iPhoneSimulator.platform/Developer/SDKs/iPhoneSimulator7.1.sdk/System/Library/AccessibilityBundles/CertUIFramework.axbundle> (not loaded)
2014-05-14 22:14:31.273 Kontoladdning[23661:70b] Multi-tasking -> Device: YES, App: YES
2014-05-14 22:14:31.280 Kontoladdning[23661:70b] Unlimited access to network resources
2014-05-14 22:14:31.299 Kontoladdning[23661:70b] CDVPlugin class CDVStatusBar (pluginName: statusbar) does not exist.
2014-05-14 22:14:31.300 Kontoladdning[23661:70b] [CDVTimer][statusbar] 0.561953ms
2014-05-14 22:14:31.301 Kontoladdning[23661:70b] [CDVTimer][TotalPluginStartup] 1.044035ms
2014-05-14 22:14:31.448 Kontoladdning[23661:70b] Resetting plugins due to page load.
2014-05-14 22:14:31.647 Kontoladdning[23661:70b] Finished load of: file:///Users/jaco/Library/Application%20Support/iPhone%20Simulator/7.1/Applications/9E9490FF-F68E-43C4-9258-116018ED6354/Kontoladdning.app/www/index.html#/login
objc[26142]: Class AXEmojiUtilities is implemented in both /Applications/Xcode.app/Contents/Developer/Platforms/iPhoneSimulator.platform/Developer/SDKs/iPhoneSimulator7.1.sdk/System/Library/PrivateFrameworks/AccessibilityUtilities.framework/AccessibilityUtilities and /Applications/Xcode.app/Contents/Developer/Platforms/iPhoneSimulator.platform/Developer/SDKs/iPhoneSimulator7.1.sdk/usr/lib/libAXSpeechManager.dylib. One of the two will be used. Which one is undefined.
2014-05-15 13:52:42.594 Kontoladdning[26142:70b] Cannot find executable for CFBundle 0xa4573b0 </Applications/Xcode.app/Contents/Developer/Platforms/iPhoneSimulator.platform/Developer/SDKs/iPhoneSimulator7.1.sdk/System/Library/AccessibilityBundles/CertUIFramework.axbundle> (not loaded)
2014-05-15 13:52:42.614 Kontoladdning[26142:70b] Cannot find executable for CFBundle 0xa44f3a0 </Applications/Xcode.app/Contents/Developer/Platforms/iPhoneSimulator.platform/Developer/SDKs/iPhoneSimulator7.1.sdk/System/Library/AccessibilityBundles/GeoServices.axbundle> (not loaded)
2014-05-15 13:52:42.818 Kontoladdning[26142:70b] Multi-tasking -> Device: YES, App: YES
2014-05-15 13:52:42.849 Kontoladdning[26142:70b] Unlimited access to network resources
2014-05-15 13:52:43.060 Kontoladdning[26142:70b] CDVPlugin class CDVStatusBar (pluginName: statusbar) does not exist.
2014-05-15 13:52:43.061 Kontoladdning[26142:70b] [CDVTimer][statusbar] 0.756979ms
2014-05-15 13:52:43.061 Kontoladdning[26142:70b] [CDVTimer][TotalPluginStartup] 1.365960ms
2014-05-15 13:52:43.359 Kontoladdning[26142:70b] Resetting plugins due to page load.
2014-05-15 13:52:43.818 Kontoladdning[26142:70b] Finished load of: file:///Users/jaco/Library/Application%20Support/iPhone%20Simulator/7.1/Applications/9E9490FF-F68E-43C4-9258-116018ED6354/Kontoladdning.app/www/index.html#/cards
objc[26351]: Class AXEmojiUtilities is implemented in both /Applications/Xcode.app/Contents/Developer/Platforms/iPhoneSimulator.platform/Developer/SDKs/iPhoneSimulator7.1.sdk/System/Library/PrivateFrameworks/AccessibilityUtilities.framework/AccessibilityUtilities and /Applications/Xcode.app/Contents/Developer/Platforms/iPhoneSimulator.platform/Developer/SDKs/iPhoneSimulator7.1.sdk/usr/lib/libAXSpeechManager.dylib. One of the two will be used. Which one is undefined.
2014-05-15 13:53:47.173 Kontoladdning[26351:70b] Cannot find executable for CFBundle 0xa3716f0 </Applications/Xcode.app/Contents/Developer/Platforms/iPhoneSimulator.platform/Developer/SDKs/iPhoneSimulator7.1.sdk/System/Library/AccessibilityBundles/GeoServices.axbundle> (not loaded)
2014-05-15 13:53:47.196 Kontoladdning[26351:70b] Cannot find executable for CFBundle 0xa2966d0 </Applications/Xcode.app/Contents/Developer/Platforms/iPhoneSimulator.platform/Developer/SDKs/iPhoneSimulator7.1.sdk/System/Library/AccessibilityBundles/CertUIFramework.axbundle> (not loaded)
2014-05-15 13:53:47.319 Kontoladdning[26351:70b] Multi-tasking -> Device: YES, App: YES
2014-05-15 13:53:47.356 Kontoladdning[26351:70b] Unlimited access to network resources
2014-05-15 13:53:47.592 Kontoladdning[26351:70b] CDVPlugin class CDVStatusBar (pluginName: statusbar) does not exist.
2014-05-15 13:53:47.592 Kontoladdning[26351:70b] [CDVTimer][statusbar] 0.560999ms
2014-05-15 13:53:47.593 Kontoladdning[26351:70b] [CDVTimer][TotalPluginStartup] 1.033008ms
2014-05-15 13:53:48.020 Kontoladdning[26351:70b] Resetting plugins due to page load.
2014-05-15 13:53:48.613 Kontoladdning[26351:70b] Finished load of: file:///Users/jaco/Library/Application%20Support/iPhone%20Simulator/7.1/Applications/9E9490FF-F68E-43C4-9258-116018ED6354/Kontoladdning.app/www/index.html#/cards
2014-05-15 13:55:31.712 Kontoladdning[26351:70b] Failed to load webpage with error: The URL can’t be shown
2014-05-15 13:55:32.612 Kontoladdning[26351:70b] Failed to load webpage with error: The URL can’t be shown
2014-05-15 13:55:33.278 Kontoladdning[26351:70b] Failed to load webpage with error: The URL can’t be shown
2014-05-15 13:55:34.302 Kontoladdning[26351:70b] Failed to load webpage with error: The URL can’t be shown
2014-05-15 13:55:35.383 Kontoladdning[26351:70b] Failed to load webpage with error: The URL can’t be shown
objc[26665]: Class AXEmojiUtilities is implemented in both /Applications/Xcode.app/Contents/Developer/Platforms/iPhoneSimulator.platform/Developer/SDKs/iPhoneSimulator7.1.sdk/System/Library/PrivateFrameworks/AccessibilityUtilities.framework/AccessibilityUtilities and /Applications/Xcode.app/Contents/Developer/Platforms/iPhoneSimulator.platform/Developer/SDKs/iPhoneSimulator7.1.sdk/usr/lib/libAXSpeechManager.dylib. One of the two will be used. Which one is undefined.
2014-05-15 13:57:07.676 Kontoladdning[26665:70b] Cannot find executable for CFBundle 0xa2506b0 </Applications/Xcode.app/Contents/Developer/Platforms/iPhoneSimulator.platform/Developer/SDKs/iPhoneSimulator7.1.sdk/System/Library/AccessibilityBundles/GeoServices.axbundle> (not loaded)
2014-05-15 13:57:07.706 Kontoladdning[26665:70b] Cannot find executable for CFBundle 0xa2707d0 </Applications/Xcode.app/Contents/Developer/Platforms/iPhoneSimulator.platform/Developer/SDKs/iPhoneSimulator7.1.sdk/System/Library/AccessibilityBundles/CertUIFramework.axbundle> (not loaded)
2014-05-15 13:57:07.873 Kontoladdning[26665:70b] Multi-tasking -> Device: YES, App: YES
2014-05-15 13:57:07.914 Kontoladdning[26665:70b] Unlimited access to network resources
2014-05-15 13:57:08.137 Kontoladdning[26665:70b] CDVPlugin class CDVStatusBar (pluginName: statusbar) does not exist.
2014-05-15 13:57:08.138 Kontoladdning[26665:70b] [CDVTimer][statusbar] 0.594020ms
2014-05-15 13:57:08.139 Kontoladdning[26665:70b] [CDVTimer][TotalPluginStartup] 1.136005ms
2014-05-15 13:57:08.467 Kontoladdning[26665:70b] Resetting plugins due to page load.
2014-05-15 13:57:09.011 Kontoladdning[26665:70b] Finished load of: file:///Users/jaco/Library/Application%20Support/iPhone%20Simulator/7.1/Applications/9E9490FF-F68E-43C4-9258-116018ED6354/Kontoladdning.app/www/index.html#/cards
objc[27638]: Class AXEmojiUtilities is implemented in both /Applications/Xcode.app/Contents/Developer/Platforms/iPhoneSimulator.platform/Developer/SDKs/iPhoneSimulator7.1.sdk/System/Library/PrivateFrameworks/AccessibilityUtilities.framework/AccessibilityUtilities and /Applications/Xcode.app/Contents/Developer/Platforms/iPhoneSimulator.platform/Developer/SDKs/iPhoneSimulator7.1.sdk/usr/lib/libAXSpeechManager.dylib. One of the two will be used. Which one is undefined.
2014-05-15 14:24:33.675 Kontoladdning[27638:70b] Cannot find executable for CFBundle 0xa390930 </Applications/Xcode.app/Contents/Developer/Platforms/iPhoneSimulator.platform/Developer/SDKs/iPhoneSimulator7.1.sdk/System/Library/AccessibilityBundles/GeoServices.axbundle> (not loaded)
2014-05-15 14:24:33.695 Kontoladdning[27638:70b] Cannot find executable for CFBundle 0xa254940 </Applications/Xcode.app/Contents/Developer/Platforms/iPhoneSimulator.platform/Developer/SDKs/iPhoneSimulator7.1.sdk/System/Library/AccessibilityBundles/CertUIFramework.axbundle> (not loaded)
2014-05-15 14:24:33.816 Kontoladdning[27638:70b] Multi-tasking -> Device: YES, App: YES
2014-05-15 14:24:33.855 Kontoladdning[27638:70b] Unlimited access to network resources
2014-05-15 14:24:34.057 Kontoladdning[27638:70b] CDVPlugin class CDVStatusBar (pluginName: statusbar) does not exist.
2014-05-15 14:24:34.058 Kontoladdning[27638:70b] [CDVTimer][statusbar] 1.240015ms
2014-05-15 14:24:34.059 Kontoladdning[27638:70b] [CDVTimer][TotalPluginStartup] 2.271950ms
2014-05-15 14:24:34.347 Kontoladdning[27638:70b] Resetting plugins due to page load.
2014-05-15 14:24:34.980 Kontoladdning[27638:70b] Finished load of: file:///Users/jaco/Library/Application%20Support/iPhone%20Simulator/7.1/Applications/9E9490FF-F68E-43C4-9258-116018ED6354/Kontoladdning.app/www/index.html#/cards
2014-05-15 14:24:34.981 Kontoladdning[27638:70b] gce Error: CORS request rejected: https://www.vasttrafik.se/CustomerServices/EPiServerWs/SecureService.svc/Login
objc[27991]: Class AXEmojiUtilities is implemented in both /Applications/Xcode.app/Contents/Developer/Platforms/iPhoneSimulator.platform/Developer/SDKs/iPhoneSimulator7.1.sdk/System/Library/PrivateFrameworks/AccessibilityUtilities.framework/AccessibilityUtilities and /Applications/Xcode.app/Contents/Developer/Platforms/iPhoneSimulator.platform/Developer/SDKs/iPhoneSimulator7.1.sdk/usr/lib/libAXSpeechManager.dylib. One of the two will be used. Which one is undefined.
2014-05-15 14:28:37.727 Kontoladdning[27991:70b] Cannot find executable for CFBundle 0xa352020 </Applications/Xcode.app/Contents/Developer/Platforms/iPhoneSimulator.platform/Developer/SDKs/iPhoneSimulator7.1.sdk/System/Library/AccessibilityBundles/CertUIFramework.axbundle> (not loaded)
2014-05-15 14:28:37.740 Kontoladdning[27991:70b] Cannot find executable for CFBundle 0xa597a00 </Applications/Xcode.app/Contents/Developer/Platforms/iPhoneSimulator.platform/Developer/SDKs/iPhoneSimulator7.1.sdk/System/Library/AccessibilityBundles/GeoServices.axbundle> (not loaded)
2014-05-15 14:28:37.859 Kontoladdning[27991:70b] Multi-tasking -> Device: YES, App: YES
2014-05-15 14:28:37.893 Kontoladdning[27991:70b] Unlimited access to network resources
2014-05-15 14:28:38.014 Kontoladdning[27991:70b] CDVPlugin class CDVStatusBar (pluginName: statusbar) does not exist.
2014-05-15 14:28:38.015 Kontoladdning[27991:70b] [CDVTimer][statusbar] 0.629961ms
2014-05-15 14:28:38.015 Kontoladdning[27991:70b] [CDVTimer][TotalPluginStartup] 1.177013ms
2014-05-15 14:28:38.285 Kontoladdning[27991:70b] Resetting plugins due to page load.
2014-05-15 14:28:38.805 Kontoladdning[27991:70b] Finished load of: file:///Users/jaco/Library/Application%20Support/iPhone%20Simulator/7.1/Applications/9E9490FF-F68E-43C4-9258-116018ED6354/Kontoladdning.app/www/index.html#/cards
2014-05-15 14:28:56.658 Kontoladdning[27991:70b] gce Error: CORS request rejected: https://www.vasttrafik.se/CustomerServices/EPiServerWs/SecureService.svc/GetVtkCardsWithPaging
2014-05-15 14:28:56.659 Kontoladdning[27991:70b] getCards error TypeError: 'undefined' is not an object (evaluating 'data.Cards') 
2014-05-15 14:28:56.660 Kontoladdning[27991:70b] gce Error: CORS request rejected: https://www.vasttrafik.se/CustomerServices/EPiServerWs/SecureService.svc/Login
2014-05-15 14:28:56.660 Kontoladdning[27991:70b] getCards error TypeError: 'undefined' is not an object (evaluating 'data.Cards') 
2014-05-15 14:28:59.569 Kontoladdning[27991:70b] gce Error: CORS request rejected: https://www.vasttrafik.se/CustomerServices/EPiServerWs/SecureService.svc/Login
2014-05-15 14:28:59.570 Kontoladdning[27991:70b] getCards error TypeError: 'undefined' is not an object (evaluating 'data.Cards') 
objc[28240]: Class AXEmojiUtilities is implemented in both /Applications/Xcode.app/Contents/Developer/Platforms/iPhoneSimulator.platform/Developer/SDKs/iPhoneSimulator7.1.sdk/System/Library/PrivateFrameworks/AccessibilityUtilities.framework/AccessibilityUtilities and /Applications/Xcode.app/Contents/Developer/Platforms/iPhoneSimulator.platform/Developer/SDKs/iPhoneSimulator7.1.sdk/usr/lib/libAXSpeechManager.dylib. One of the two will be used. Which one is undefined.
2014-05-15 14:30:44.571 Kontoladdning[28240:70b] Cannot find executable for CFBundle 0xa255510 </Applications/Xcode.app/Contents/Developer/Platforms/iPhoneSimulator.platform/Developer/SDKs/iPhoneSimulator7.1.sdk/System/Library/AccessibilityBundles/GeoServices.axbundle> (not loaded)
2014-05-15 14:30:44.590 Kontoladdning[28240:70b] Cannot find executable for CFBundle 0xa4364f0 </Applications/Xcode.app/Contents/Developer/Platforms/iPhoneSimulator.platform/Developer/SDKs/iPhoneSimulator7.1.sdk/System/Library/AccessibilityBundles/CertUIFramework.axbundle> (not loaded)
2014-05-15 14:30:44.730 Kontoladdning[28240:70b] Multi-tasking -> Device: YES, App: YES
2014-05-15 14:30:44.807 Kontoladdning[28240:70b] Unlimited access to network resources
2014-05-15 14:30:44.957 Kontoladdning[28240:70b] CDVPlugin class CDVStatusBar (pluginName: statusbar) does not exist.
2014-05-15 14:30:44.957 Kontoladdning[28240:70b] [CDVTimer][statusbar] 0.627995ms
2014-05-15 14:30:44.958 Kontoladdning[28240:70b] [CDVTimer][TotalPluginStartup] 1.197994ms
2014-05-15 14:30:45.488 Kontoladdning[28240:70b] Resetting plugins due to page load.
2014-05-15 14:30:46.166 Kontoladdning[28240:70b] Finished load of: file:///Users/jaco/Library/Application%20Support/iPhone%20Simulator/7.1/Applications/9E9490FF-F68E-43C4-9258-116018ED6354/Kontoladdning.app/www/index.html#/cards
objc[38747]: Class AXEmojiUtilities is implemented in both /Applications/Xcode.app/Contents/Developer/Platforms/iPhoneSimulator.platform/Developer/SDKs/iPhoneSimulator7.1.sdk/System/Library/PrivateFrameworks/AccessibilityUtilities.framework/AccessibilityUtilities and /Applications/Xcode.app/Contents/Developer/Platforms/iPhoneSimulator.platform/Developer/SDKs/iPhoneSimulator7.1.sdk/usr/lib/libAXSpeechManager.dylib. One of the two will be used. Which one is undefined.
2014-05-19 18:02:38.711 Kontoladdning[38747:70b] Cannot find executable for CFBundle 0xa55d330 </Applications/Xcode.app/Contents/Developer/Platforms/iPhoneSimulator.platform/Developer/SDKs/iPhoneSimulator7.1.sdk/System/Library/AccessibilityBundles/CertUIFramework.axbundle> (not loaded)
2014-05-19 18:02:38.731 Kontoladdning[38747:70b] Cannot find executable for CFBundle 0xa5798e0 </Applications/Xcode.app/Contents/Developer/Platforms/iPhoneSimulator.platform/Developer/SDKs/iPhoneSimulator7.1.sdk/System/Library/AccessibilityBundles/GeoServices.axbundle> (not loaded)
2014-05-19 18:02:38.892 Kontoladdning[38747:70b] Multi-tasking -> Device: YES, App: YES
2014-05-19 18:02:38.921 Kontoladdning[38747:70b] Unlimited access to network resources
2014-05-19 18:02:39.122 Kontoladdning[38747:70b] CDVPlugin class CDVStatusBar (pluginName: statusbar) does not exist.
2014-05-19 18:02:39.123 Kontoladdning[38747:70b] [CDVTimer][statusbar] 0.697017ms
2014-05-19 18:02:39.123 Kontoladdning[38747:70b] [CDVTimer][TotalPluginStartup] 1.290023ms
2014-05-19 18:02:39.422 Kontoladdning[38747:70b] Resetting plugins due to page load.
2014-05-19 18:02:40.146 Kontoladdning[38747:70b] Finished load of: file:///Users/jaco/Library/Application%20Support/iPhone%20Simulator/7.1/Applications/9E9490FF-F68E-43C4-9258-116018ED6354/Kontoladdning.app/www/index.html#/cards
objc[41126]: Class AXEmojiUtilities is implemented in both /Applications/Xcode.app/Contents/Developer/Platforms/iPhoneSimulator.platform/Developer/SDKs/iPhoneSimulator7.1.sdk/System/Library/PrivateFrameworks/AccessibilityUtilities.framework/AccessibilityUtilities and /Applications/Xcode.app/Contents/Developer/Platforms/iPhoneSimulator.platform/Developer/SDKs/iPhoneSimulator7.1.sdk/usr/lib/libAXSpeechManager.dylib. One of the two will be used. Which one is undefined.
2014-05-19 18:27:34.693 Kontoladdning[41126:70b] Cannot find executable for CFBundle 0xa39b8b0 </Applications/Xcode.app/Contents/Developer/Platforms/iPhoneSimulator.platform/Developer/SDKs/iPhoneSimulator7.1.sdk/System/Library/AccessibilityBundles/GeoServices.axbundle> (not loaded)
2014-05-19 18:27:34.741 Kontoladdning[41126:70b] Cannot find executable for CFBundle 0xa5697e0 </Applications/Xcode.app/Contents/Developer/Platforms/iPhoneSimulator.platform/Developer/SDKs/iPhoneSimulator7.1.sdk/System/Library/AccessibilityBundles/CertUIFramework.axbundle> (not loaded)
2014-05-19 18:27:35.025 Kontoladdning[41126:70b] Multi-tasking -> Device: YES, App: YES
2014-05-19 18:27:35.059 Kontoladdning[41126:70b] Unlimited access to network resources
2014-05-19 18:27:35.472 Kontoladdning[41126:70b] [CDVTimer][statusbar] 126.345992ms
2014-05-19 18:27:35.473 Kontoladdning[41126:70b] [CDVTimer][TotalPluginStartup] 127.077043ms
2014-05-19 18:27:35.869 Kontoladdning[41126:70b] Resetting plugins due to page load.
2014-05-19 18:27:36.541 Kontoladdning[41126:70b] Finished load of: file:///Users/jaco/Library/Application%20Support/iPhone%20Simulator/7.1/Applications/9E9490FF-F68E-43C4-9258-116018ED6354/Kontoladdning.app/www/index.html#/cards
2014-05-19 18:27:43.866 Kontoladdning[41126:70b] Received memory warning.
objc[45224]: Class AXEmojiUtilities is implemented in both /Applications/Xcode.app/Contents/Developer/Platforms/iPhoneSimulator.platform/Developer/SDKs/iPhoneSimulator7.1.sdk/System/Library/PrivateFrameworks/AccessibilityUtilities.framework/AccessibilityUtilities and /Applications/Xcode.app/Contents/Developer/Platforms/iPhoneSimulator.platform/Developer/SDKs/iPhoneSimulator7.1.sdk/usr/lib/libAXSpeechManager.dylib. One of the two will be used. Which one is undefined.
2014-05-20 10:25:07.524 Kontoladdning[45224:70b] Cannot find executable for CFBundle 0xa390e30 </Applications/Xcode.app/Contents/Developer/Platforms/iPhoneSimulator.platform/Developer/SDKs/iPhoneSimulator7.1.sdk/System/Library/AccessibilityBundles/GeoServices.axbundle> (not loaded)
2014-05-20 10:25:07.547 Kontoladdning[45224:70b] Cannot find executable for CFBundle 0xa5ce070 </Applications/Xcode.app/Contents/Developer/Platforms/iPhoneSimulator.platform/Developer/SDKs/iPhoneSimulator7.1.sdk/System/Library/AccessibilityBundles/CertUIFramework.axbundle> (not loaded)
2014-05-20 10:25:07.734 Kontoladdning[45224:70b] Multi-tasking -> Device: YES, App: YES
2014-05-20 10:25:07.783 Kontoladdning[45224:70b] Unlimited access to network resources
2014-05-20 10:25:08.017 Kontoladdning[45224:70b] [CDVTimer][statusbar] 42.982996ms
2014-05-20 10:25:08.017 Kontoladdning[45224:70b] [CDVTimer][TotalPluginStartup] 43.318033ms
2014-05-20 10:25:08.274 Kontoladdning[45224:70b] Resetting plugins due to page load.
2014-05-20 10:25:09.468 Kontoladdning[45224:70b] THREAD WARNING: ['Device'] took '22.909912' ms. Plugin should use a background thread.
2014-05-20 10:25:09.515 Kontoladdning[45224:70b] Finished load of: file:///Users/jaco/Library/Application%20Support/iPhone%20Simulator/7.1/Applications/9E9490FF-F68E-43C4-9258-116018ED6354/Kontoladdning.app/www/index.html#/cards
2014-05-20 10:25:32.547 Kontoladdning[45224:70b] Resetting plugins due to page load.
2014-05-20 10:25:33.226 Kontoladdning[45224:70b] Finished load of: file:///Users/jaco/Library/Application%20Support/iPhone%20Simulator/7.1/Applications/9E9490FF-F68E-43C4-9258-116018ED6354/Kontoladdning.app/www/index.html#/cards
objc[45436]: Class AXEmojiUtilities is implemented in both /Applications/Xcode.app/Contents/Developer/Platforms/iPhoneSimulator.platform/Developer/SDKs/iPhoneSimulator7.1.sdk/System/Library/PrivateFrameworks/AccessibilityUtilities.framework/AccessibilityUtilities and /Applications/Xcode.app/Contents/Developer/Platforms/iPhoneSimulator.platform/Developer/SDKs/iPhoneSimulator7.1.sdk/usr/lib/libAXSpeechManager.dylib. One of the two will be used. Which one is undefined.
2014-05-20 10:26:12.782 Kontoladdning[45436:70b] Cannot find executable for CFBundle 0xa5c4ce0 </Applications/Xcode.app/Contents/Developer/Platforms/iPhoneSimulator.platform/Developer/SDKs/iPhoneSimulator7.1.sdk/System/Library/AccessibilityBundles/GeoServices.axbundle> (not loaded)
2014-05-20 10:26:12.807 Kontoladdning[45436:70b] Cannot find executable for CFBundle 0xa5e3750 </Applications/Xcode.app/Contents/Developer/Platforms/iPhoneSimulator.platform/Developer/SDKs/iPhoneSimulator7.1.sdk/System/Library/AccessibilityBundles/CertUIFramework.axbundle> (not loaded)
2014-05-20 10:26:12.939 Kontoladdning[45436:70b] Multi-tasking -> Device: YES, App: YES
2014-05-20 10:26:12.969 Kontoladdning[45436:70b] Unlimited access to network resources
2014-05-20 10:26:13.071 Kontoladdning[45436:70b] [CDVTimer][statusbar] 24.926960ms
2014-05-20 10:26:13.071 Kontoladdning[45436:70b] [CDVTimer][TotalPluginStartup] 25.260985ms
2014-05-20 10:26:13.307 Kontoladdning[45436:70b] Resetting plugins due to page load.
2014-05-20 10:26:13.970 Kontoladdning[45436:70b] Finished load of: file:///Users/jaco/Library/Application%20Support/iPhone%20Simulator/7.1/Applications/9E9490FF-F68E-43C4-9258-116018ED6354/Kontoladdning.app/www/index.html#/cards
objc[45635]: Class AXEmojiUtilities is implemented in both /Applications/Xcode.app/Contents/Developer/Platforms/iPhoneSimulator.platform/Developer/SDKs/iPhoneSimulator7.1.sdk/System/Library/PrivateFrameworks/AccessibilityUtilities.framework/AccessibilityUtilities and /Applications/Xcode.app/Contents/Developer/Platforms/iPhoneSimulator.platform/Developer/SDKs/iPhoneSimulator7.1.sdk/usr/lib/libAXSpeechManager.dylib. One of the two will be used. Which one is undefined.
2014-05-20 10:26:57.802 Kontoladdning[45635:70b] Cannot find executable for CFBundle 0xa3531a0 </Applications/Xcode.app/Contents/Developer/Platforms/iPhoneSimulator.platform/Developer/SDKs/iPhoneSimulator7.1.sdk/System/Library/AccessibilityBundles/CertUIFramework.axbundle> (not loaded)
2014-05-20 10:26:57.824 Kontoladdning[45635:70b] Cannot find executable for CFBundle 0xa36da90 </Applications/Xcode.app/Contents/Developer/Platforms/iPhoneSimulator.platform/Developer/SDKs/iPhoneSimulator7.1.sdk/System/Library/AccessibilityBundles/GeoServices.axbundle> (not loaded)
2014-05-20 10:26:57.991 Kontoladdning[45635:70b] Multi-tasking -> Device: YES, App: YES
2014-05-20 10:26:58.030 Kontoladdning[45635:70b] Unlimited access to network resources
2014-05-20 10:26:58.131 Kontoladdning[45635:70b] [CDVTimer][statusbar] 23.122966ms
2014-05-20 10:26:58.131 Kontoladdning[45635:70b] [CDVTimer][TotalPluginStartup] 23.467004ms
2014-05-20 10:26:58.355 Kontoladdning[45635:70b] Resetting plugins due to page load.
2014-05-20 10:26:58.839 Kontoladdning[45635:70b] Finished load of: file:///Users/jaco/Library/Application%20Support/iPhone%20Simulator/7.1/Applications/9E9490FF-F68E-43C4-9258-116018ED6354/Kontoladdning.app/www/index.html#/cards
objc[45904]: Class AXEmojiUtilities is implemented in both /Applications/Xcode.app/Contents/Developer/Platforms/iPhoneSimulator.platform/Developer/SDKs/iPhoneSimulator7.1.sdk/System/Library/PrivateFrameworks/AccessibilityUtilities.framework/AccessibilityUtilities and /Applications/Xcode.app/Contents/Developer/Platforms/iPhoneSimulator.platform/Developer/SDKs/iPhoneSimulator7.1.sdk/usr/lib/libAXSpeechManager.dylib. One of the two will be used. Which one is undefined.
2014-05-20 10:30:01.831 Kontoladdning[45904:70b] Cannot find executable for CFBundle 0xa4a2810 </Applications/Xcode.app/Contents/Developer/Platforms/iPhoneSimulator.platform/Developer/SDKs/iPhoneSimulator7.1.sdk/System/Library/AccessibilityBundles/CertUIFramework.axbundle> (not loaded)
2014-05-20 10:30:01.852 Kontoladdning[45904:70b] Cannot find executable for CFBundle 0xa4bac20 </Applications/Xcode.app/Contents/Developer/Platforms/iPhoneSimulator.platform/Developer/SDKs/iPhoneSimulator7.1.sdk/System/Library/AccessibilityBundles/GeoServices.axbundle> (not loaded)
2014-05-20 10:30:02.148 Kontoladdning[45904:70b] Multi-tasking -> Device: YES, App: YES
2014-05-20 10:30:02.191 Kontoladdning[45904:70b] Unlimited access to network resources
2014-05-20 10:30:02.302 Kontoladdning[45904:70b] [CDVTimer][statusbar] 30.447006ms
2014-05-20 10:30:02.302 Kontoladdning[45904:70b] [CDVTimer][TotalPluginStartup] 30.943036ms
2014-05-20 10:30:02.594 Kontoladdning[45904:70b] Resetting plugins due to page load.
objc[46106]: Class AXEmojiUtilities is implemented in both /Applications/Xcode.app/Contents/Developer/Platforms/iPhoneSimulator.platform/Developer/SDKs/iPhoneSimulator7.1.sdk/System/Library/PrivateFrameworks/AccessibilityUtilities.framework/AccessibilityUtilities and /Applications/Xcode.app/Contents/Developer/Platforms/iPhoneSimulator.platform/Developer/SDKs/iPhoneSimulator7.1.sdk/usr/lib/libAXSpeechManager.dylib. One of the two will be used. Which one is undefined.
2014-05-20 10:30:55.767 Kontoladdning[46106:70b] Cannot find executable for CFBundle 0xa56e2f0 </Applications/Xcode.app/Contents/Developer/Platforms/iPhoneSimulator.platform/Developer/SDKs/iPhoneSimulator7.1.sdk/System/Library/AccessibilityBundles/CertUIFramework.axbundle> (not loaded)
2014-05-20 10:30:55.775 Kontoladdning[46106:70b] Cannot find executable for CFBundle 0xa5a8730 </Applications/Xcode.app/Contents/Developer/Platforms/iPhoneSimulator.platform/Developer/SDKs/iPhoneSimulator7.1.sdk/System/Library/AccessibilityBundles/GeoServices.axbundle> (not loaded)
2014-05-20 10:30:55.823 Kontoladdning[46106:70b] Multi-tasking -> Device: YES, App: YES
2014-05-20 10:30:55.831 Kontoladdning[46106:70b] Unlimited access to network resources
2014-05-20 10:30:55.866 Kontoladdning[46106:70b] [CDVTimer][statusbar] 13.912976ms
2014-05-20 10:30:55.869 Kontoladdning[46106:70b] [CDVTimer][TotalPluginStartup] 17.012000ms
2014-05-20 10:30:56.009 Kontoladdning[46106:70b] Resetting plugins due to page load.
objc[46334]: Class AXEmojiUtilities is implemented in both /Applications/Xcode.app/Contents/Developer/Platforms/iPhoneSimulator.platform/Developer/SDKs/iPhoneSimulator7.1.sdk/System/Library/PrivateFrameworks/AccessibilityUtilities.framework/AccessibilityUtilities and /Applications/Xcode.app/Contents/Developer/Platforms/iPhoneSimulator.platform/Developer/SDKs/iPhoneSimulator7.1.sdk/usr/lib/libAXSpeechManager.dylib. One of the two will be used. Which one is undefined.
2014-05-20 10:32:30.760 Kontoladdning[46334:70b] Cannot find executable for CFBundle 0xa36c220 </Applications/Xcode.app/Contents/Developer/Platforms/iPhoneSimulator.platform/Developer/SDKs/iPhoneSimulator7.1.sdk/System/Library/AccessibilityBundles/GeoServices.axbundle> (not loaded)
2014-05-20 10:32:30.767 Kontoladdning[46334:70b] Cannot find executable for CFBundle 0xa38ba80 </Applications/Xcode.app/Contents/Developer/Platforms/iPhoneSimulator.platform/Developer/SDKs/iPhoneSimulator7.1.sdk/System/Library/AccessibilityBundles/CertUIFramework.axbundle> (not loaded)
2014-05-20 10:32:30.838 Kontoladdning[46334:70b] Multi-tasking -> Device: YES, App: YES
2014-05-20 10:32:30.848 Kontoladdning[46334:70b] Unlimited access to network resources
2014-05-20 10:32:30.893 Kontoladdning[46334:70b] [CDVTimer][statusbar] 16.624033ms
2014-05-20 10:32:30.894 Kontoladdning[46334:70b] [CDVTimer][TotalPluginStartup] 17.071009ms
2014-05-20 10:32:31.382 Kontoladdning[46334:70b] Resetting plugins due to page load.
objc[46604]: Class AXEmojiUtilities is implemented in both /Applications/Xcode.app/Contents/Developer/Platforms/iPhoneSimulator.platform/Developer/SDKs/iPhoneSimulator7.1.sdk/System/Library/PrivateFrameworks/AccessibilityUtilities.framework/AccessibilityUtilities and /Applications/Xcode.app/Contents/Developer/Platforms/iPhoneSimulator.platform/Developer/SDKs/iPhoneSimulator7.1.sdk/usr/lib/libAXSpeechManager.dylib. One of the two will be used. Which one is undefined.
2014-05-20 10:35:15.500 Kontoladdning[46604:70b] Cannot find executable for CFBundle 0xa520e30 </Applications/Xcode.app/Contents/Developer/Platforms/iPhoneSimulator.platform/Developer/SDKs/iPhoneSimulator7.1.sdk/System/Library/AccessibilityBundles/CertUIFramework.axbundle> (not loaded)
2014-05-20 10:35:15.509 Kontoladdning[46604:70b] Cannot find executable for CFBundle 0xa239b50 </Applications/Xcode.app/Contents/Developer/Platforms/iPhoneSimulator.platform/Developer/SDKs/iPhoneSimulator7.1.sdk/System/Library/AccessibilityBundles/GeoServices.axbundle> (not loaded)
2014-05-20 10:35:15.591 Kontoladdning[46604:70b] Multi-tasking -> Device: YES, App: YES
2014-05-20 10:35:15.603 Kontoladdning[46604:70b] Unlimited access to network resources
2014-05-20 10:35:15.853 Kontoladdning[46604:70b] CDVPlugin class CDVStatusBar (pluginName: statusbar) does not exist.
2014-05-20 10:35:15.854 Kontoladdning[46604:70b] [CDVTimer][statusbar] 0.366986ms
2014-05-20 10:35:15.854 Kontoladdning[46604:70b] [CDVTimer][TotalPluginStartup] 1.013994ms
2014-05-20 10:35:16.382 Kontoladdning[46604:70b] Resetting plugins due to page load.
2014-05-20 10:35:17.135 Kontoladdning[46604:70b] Finished load of: file:///Users/jaco/Library/Application%20Support/iPhone%20Simulator/7.1/Applications/9E9490FF-F68E-43C4-9258-116018ED6354/Kontoladdning.app/www/index.html#/cards
objc[64383]: Class AXEmojiUtilities is implemented in both /Applications/Xcode.app/Contents/Developer/Platforms/iPhoneSimulator.platform/Developer/SDKs/iPhoneSimulator7.1.sdk/System/Library/PrivateFrameworks/AccessibilityUtilities.framework/AccessibilityUtilities and /Applications/Xcode.app/Contents/Developer/Platforms/iPhoneSimulator.platform/Developer/SDKs/iPhoneSimulator7.1.sdk/usr/lib/libAXSpeechManager.dylib. One of the two will be used. Which one is undefined.
2014-05-21 12:11:46.533 Kontoladdning[64383:70b] Cannot find executable for CFBundle 0xa263170 </Applications/Xcode.app/Contents/Developer/Platforms/iPhoneSimulator.platform/Developer/SDKs/iPhoneSimulator7.1.sdk/System/Library/AccessibilityBundles/GeoServices.axbundle> (not loaded)
2014-05-21 12:11:46.551 Kontoladdning[64383:70b] Cannot find executable for CFBundle 0xa43ca10 </Applications/Xcode.app/Contents/Developer/Platforms/iPhoneSimulator.platform/Developer/SDKs/iPhoneSimulator7.1.sdk/System/Library/AccessibilityBundles/CertUIFramework.axbundle> (not loaded)
2014-05-21 12:11:46.698 Kontoladdning[64383:70b] Multi-tasking -> Device: YES, App: YES
2014-05-21 12:11:46.756 Kontoladdning[64383:70b] Unlimited access to network resources
2014-05-21 12:11:47.012 Kontoladdning[64383:70b] CDVPlugin class CDVStatusBar (pluginName: statusbar) does not exist.
2014-05-21 12:11:47.013 Kontoladdning[64383:70b] [CDVTimer][statusbar] 0.342011ms
2014-05-21 12:11:47.013 Kontoladdning[64383:70b] [CDVTimer][TotalPluginStartup] 0.694990ms
2014-05-21 12:11:47.767 Kontoladdning[64383:70b] Resetting plugins due to page load.
2014-05-21 12:11:48.554 Kontoladdning[64383:70b] Finished load of: file:///Users/jaco/Library/Application%20Support/iPhone%20Simulator/7.1/Applications/9E9490FF-F68E-43C4-9258-116018ED6354/Kontoladdning.app/www/index.html#/cards
